#
# There is insufficient memory for the Java Runtime Environment to continue.
# Native memory allocation (malloc) failed to allocate 1048576 bytes for AllocateHeap
# Possible reasons:
#   The system is out of physical RAM or swap space
#   In 32 bit mode, the process size limit was hit
# Possible solutions:
#   Reduce memory load on the system
#   Increase physical memory or swap space
#   Check if swap backing store is full
#   Use 64 bit Java on a 64 bit OS
#   Decrease Java heap size (-Xmx/-Xms)
#   Decrease number of Java threads
#   Decrease Java thread stack sizes (-Xss)
#   Set larger code cache with -XX:ReservedCodeCacheSize=
# This output file may be truncated or incomplete.
#
#  Out of Memory Error (memory/allocation.inline.hpp:61), pid=10800, tid=0x00000000000008c8
#
# JRE version:  (8.0_181-b13) (build )
# Java VM: Java HotSpot(TM) 64-Bit Server VM (25.181-b13 mixed mode windows-amd64 compressed oops)
# Failed to write core dump. Minidumps are not enabled by default on client versions of Windows
#

---------------  T H R E A D  ---------------

Current thread (0x000000000288e000):  JavaThread "Unknown thread" [_thread_in_vm, id=2248, stack(0x0000000002730000,0x0000000002830000)]

Stack: [0x0000000002730000,0x0000000002830000]
[error occurred during error reporting (printing stack bounds), id 0xc0000005]

Native frames: (J=compiled Java code, j=interpreted, Vv=VM code, C=native code)


---------------  P R O C E S S  ---------------

Java Threads: ( => current thread )

Other Threads:

=>0x000000000288e000 (exited) JavaThread "Unknown thread" [_thread_in_vm, id=2248, stack(0x0000000002730000,0x0000000002830000)]

VM state:not at safepoint (normal execution)

VM Mutex/Monitor currently owned by a thread: None

Heap:
 PSYoungGen      total 37888K, used 655K [0x00000000d6900000, 0x00000000d9300000, 0x0000000100000000)
  eden space 32768K, 2% used [0x00000000d6900000,0x00000000d69a3d80,0x00000000d8900000)
  from space 5120K, 0% used [0x00000000d8e00000,0x00000000d8e00000,0x00000000d9300000)
  to   space 5120K, 0% used [0x00000000d8900000,0x00000000d8900000,0x00000000d8e00000)
 ParOldGen       total 86016K, used 0K [0x0000000083a00000, 0x0000000088e00000, 0x00000000d6900000)
  object space 86016K, 0% used [0x0000000083a00000,0x0000000083a00000,0x0000000088e00000)
 Metaspace       used 775K, capacity 4480K, committed 4480K, reserved 1056768K
  class space    used 76K, capacity 384K, committed 384K, reserved 1048576K

Card table byte_map: [0x0000000011d50000,0x0000000012140000] byte_map_base: 0x0000000011933000

Marking Bits: (ParMarkBitMap*) 0x0000000055ef2d00
 Begin Bits: [0x0000000012be0000, 0x0000000014af8000)
 End Bits:   [0x0000000014af8000, 0x0000000016a10000)

Polling page: 0x0000000000940000

CodeCache: size=245760Kb used=328Kb max_used=328Kb free=245431Kb
 bounds [0x0000000002990000, 0x0000000002c00000, 0x0000000011990000]
 total_blobs=58 nmethods=0 adapters=38
 compilation: enabled

Compilation events (0 events):
No events

GC Heap History (0 events):
No events

Deoptimization events (0 events):
No events

Classes redefined (0 events):
No events

Internal exceptions (0 events):
No events

Events (10 events):
Event: 0.022 loading class java/lang/Short
Event: 0.022 loading class java/lang/Short done
Event: 0.022 loading class java/lang/Integer
Event: 0.022 loading class java/lang/Integer done
Event: 0.022 loading class java/lang/Long
Event: 0.022 loading class java/lang/Long done
Event: 0.023 loading class java/lang/NullPointerException
Event: 0.023 loading class java/lang/NullPointerException done
Event: 0.023 loading class java/lang/ArithmeticException
Event: 0.023 loading class java/lang/ArithmeticException done


Dynamic libraries:
0x00007ff693290000 - 0x00007ff6932c7000 	C:\Program Files\Java\jdk1.8.0_181\bin\java.exe
0x00007ffa2ff50000 - 0x00007ffa30145000 	C:\Windows\SYSTEM32\ntdll.dll
0x00007ffa2f320000 - 0x00007ffa2f3de000 	C:\Windows\System32\KERNEL32.DLL
0x00007ffa2d950000 - 0x00007ffa2dc19000 	C:\Windows\System32\KERNELBASE.dll
0x00007ffa2dfe0000 - 0x00007ffa2e08c000 	C:\Windows\System32\ADVAPI32.dll
0x00007ffa2fe70000 - 0x00007ffa2ff0e000 	C:\Windows\System32\msvcrt.dll
0x00007ffa2f590000 - 0x00007ffa2f62b000 	C:\Windows\System32\sechost.dll
0x00007ffa2fd40000 - 0x00007ffa2fe6a000 	C:\Windows\System32\RPCRT4.dll
0x00007ffa2fae0000 - 0x00007ffa2fc81000 	C:\Windows\System32\USER32.dll
0x00007ffa2d720000 - 0x00007ffa2d742000 	C:\Windows\System32\win32u.dll
0x00007ffa2e1c0000 - 0x00007ffa2e1eb000 	C:\Windows\System32\GDI32.dll
0x00007ffa2d840000 - 0x00007ffa2d94b000 	C:\Windows\System32\gdi32full.dll
0x00007ffa2dc50000 - 0x00007ffa2dced000 	C:\Windows\System32\msvcp_win.dll
0x00007ffa2dd40000 - 0x00007ffa2de40000 	C:\Windows\System32\ucrtbase.dll
0x00007ffa0e2b0000 - 0x00007ffa0e54a000 	C:\Windows\WinSxS\amd64_microsoft.windows.common-controls_6595b64144ccf1df_6.0.19041.1110_none_60b5254171f9507e\COMCTL32.dll
0x00007ffa2dfa0000 - 0x00007ffa2dfd0000 	C:\Windows\System32\IMM32.DLL
0x0000000056270000 - 0x0000000056342000 	C:\Program Files\Java\jdk1.8.0_181\jre\bin\msvcr100.dll
0x00000000556d0000 - 0x0000000055f72000 	C:\Program Files\Java\jdk1.8.0_181\jre\bin\server\jvm.dll
0x00007ffa2e1f0000 - 0x00007ffa2e1f8000 	C:\Windows\System32\PSAPI.DLL
0x00007ffa2b4f0000 - 0x00007ffa2b517000 	C:\Windows\SYSTEM32\WINMM.dll
0x00007ffa268b0000 - 0x00007ffa268b9000 	C:\Windows\SYSTEM32\WSOCK32.dll
0x00007ffa277e0000 - 0x00007ffa277ea000 	C:\Windows\SYSTEM32\VERSION.dll
0x00007ffa2e8c0000 - 0x00007ffa2e92b000 	C:\Windows\System32\WS2_32.dll
0x0000000057d00000 - 0x0000000057d0f000 	C:\Program Files\Java\jdk1.8.0_181\jre\bin\verify.dll
0x0000000056200000 - 0x0000000056229000 	C:\Program Files\Java\jdk1.8.0_181\jre\bin\java.dll
0x00000000561e0000 - 0x00000000561f6000 	C:\Program Files\Java\jdk1.8.0_181\jre\bin\zip.dll

VM Arguments:
jvm_args: -Dfile.encoding=UTF-8 
java_command: main
java_class_path (initial): C:\Users\NVT\Documents\NetBeansProjects\SinglyLinkedList\build\classes
Launcher Type: SUN_STANDARD

Environment Variables:
PATH=C:\Program Files\NVIDIA GPU Computing Toolkit\CUDA\v11.3\bin;C:\Program Files\NVIDIA GPU Computing Toolkit\CUDA\v11.3\libnvvp;C:\Program Files (x86)\Common Files\Oracle\Java\javapath;C:\Windows\system32;C:\Windows;C:\Windows\System32\Wbem;C:\Windows\System32\WindowsPowerShell\v1.0\;C:\Windows\System32\OpenSSH\;C:\Program Files\NVIDIA Corporation\NVIDIA NvDLISR;;C:\Program Files (x86)\NVIDIA Corporation\PhysX\Common;C:\Program Files\NVIDIA Corporation\Nsight Compute 2021.1.1\;C:\Program Files\Microsoft SQL Server\Client SDK\ODBC\110\Tools\Binn\;C:\Program Files (x86)\Microsoft SQL Server\120\Tools\Binn\;C:\Program Files\Microsoft SQL Server\120\Tools\Binn\;C:\Program Files\Microsoft SQL Server\120\DTS\Binn\;C:\Program Files (x86)\Microsoft SQL Server\120\Tools\Binn\ManagementStudio\;C:\Program Files (x86)\Microsoft SQL Server\120\DTS\Binn\;C:\Users\NVT\AppData\Local\Programs\Python\Python39\Scripts\;C:\Users\NVT\AppData\Local\Programs\Python\Python39\;C:\Users\NVT\AppData\Local\Microsoft\WindowsApps;C:\Program Files\JetBrains\PyCharm Community Edition 2020.3.2\bin
USERNAME=NVT
OS=Windows_NT
PROCESSOR_IDENTIFIER=Intel64 Family 6 Model 126 Stepping 5, GenuineIntel



---------------  S Y S T E M  ---------------

OS: Windows 10.0 , 64 bit Build 19041 (10.0.19041.1202)

CPU:total 8 (initial active 8) (4 cores per cpu, 2 threads per core) family 6 model 126 stepping 5, cmov, cx8, fxsr, mmx, sse, sse2, sse3, ssse3, sse4.1, sse4.2, popcnt, avx, avx2, aes, clmul, erms, 3dnowpref, lzcnt, ht, tsc, tscinvbit, bmi1, bmi2, adx

Memory: 4k page, physical 8150356k(1020484k free), swap 8150356k(5344k free)

vm_info: Java HotSpot(TM) 64-Bit Server VM (25.181-b13) for windows-amd64 JRE (1.8.0_181-b13), built on Jul  7 2018 04:01:33 by "java_re" with MS VC++ 10.0 (VS2010)

time: Wed Oct 27 09:49:04 2021
elapsed time: 0 seconds (0d 0h 0m 0s)

